<!DOCTYPE html PUBLIC "-//W3C//DTD XHTML 1.1//EN" "https://www.w3.org/TR/xhtml11/DTD/xhtml11.dtd">
<html xmlns="https://www.w3.org/1999/xhtml">
<head>
<meta http-equiv="content-type" content="text/html; charset=UTF-8"/>
<title>TestNG Report</title>
<style type="text/css">table {margin-bottom:10px;border-collapse:collapse;empty-cells:show}th,td {border:1px solid #009;padding:.25em .5em}th {vertical-align:bottom}td {vertical-align:top}table a {font-weight:bold}.stripe td {background-color: #E6EBF9}.num {text-align:right}.passedodd td {background-color: #3F3}.passedeven td {background-color: #0A0}.skippedodd td {background-color: #DDD}.skippedeven td {background-color: #CCC}.failedodd td,.attn {background-color: #F33}.failedeven td,.stripe .attn {background-color: #D00}.stacktrace {white-space:pre;font-family:monospace}.totop {font-size:85%;text-align:center;border-bottom:2px solid #000}.invisible {display:none}</style>
</head>
<body>
<table>
<tr><th>Test</th><th># Passed</th><th># Skipped</th><th># Retried</th><th># Failed</th><th>Time (ms)</th><th>Included Groups</th><th>Excluded Groups</th></tr>
<tr><th colspan="8">Suite</th></tr>
<tr><td><a href="#t0">Test</a></td><td class="num">8</td><td class="num">0</td><td class="num">0</td><td class="num attn">2</td><td class="num">289,864</td><td></td><td></td></tr>
</table>
<table id='summary'><thead><tr><th>Class</th><th>Method</th><th>Start</th><th>Time (ms)</th></tr></thead><tbody><tr><th colspan="4">Suite</th></tr></tbody><tbody id="t0"><tr><th colspan="4">Test &#8212; failed</th></tr><tr class="failedeven"><td rowspan="1">com.mystore.testcases.AccountCreationPageTest</td><td><a href="#m0">verifyCreateAccountPageTest</a></td><td rowspan="1">1648199183920</td><td rowspan="1">16901</td></tr><tr class="failedodd"><td rowspan="1">com.mystore.testcases.IndexPageTest</td><td><a href="#m1">verifyTitle</a></td><td rowspan="1">1648199222152</td><td rowspan="1">13</td></tr><tr><th colspan="4">Test &#8212; passed</th></tr><tr class="passedeven"><td rowspan="1">com.mystore.testcases.AddToCartPageTest</td><td><a href="#m2">addToCartTest</a></td><td rowspan="1">1648199305089</td><td rowspan="1">10631</td></tr><tr class="passedodd"><td rowspan="1">com.mystore.testcases.EndToEndTest</td><td><a href="#m3">endToEndTest</a></td><td rowspan="1">1648199079234</td><td rowspan="1">89738</td></tr><tr class="passedeven"><td rowspan="2">com.mystore.testcases.HomepageTest</td><td><a href="#m4">orderHisstoryandDetailsTest</a></td><td rowspan="1">1648199233709</td><td rowspan="1">10359</td></tr><tr class="passedeven"><td><a href="#m5">wishListTest</a></td><td rowspan="1">1648199254629</td><td rowspan="1">8327</td></tr><tr class="passedodd"><td rowspan="1">com.mystore.testcases.IndexPageTest</td><td><a href="#m6">verifyLogo</a></td><td rowspan="1">1648199211571</td><td rowspan="1">77</td></tr><tr class="passedeven"><td rowspan="1">com.mystore.testcases.LoginPageTest</td><td><a href="#m7">loginTest</a></td><td rowspan="1">1648199054461</td><td rowspan="1">12145</td></tr><tr class="passedodd"><td rowspan="1">com.mystore.testcases.OrderPageTest</td><td><a href="#m8">verifyTotalPrice</a></td><td rowspan="1">1648199274327</td><td rowspan="1">18298</td></tr><tr class="passedeven"><td rowspan="1">com.mystore.testcases.SearchresultPageTest</td><td><a href="#m9">productAvailabilityTest</a></td><td rowspan="1">1648199325888</td><td rowspan="1">6226</td></tr></tbody>
</table>
<h2>Test</h2><h3 id="m0">com.mystore.testcases.AccountCreationPageTest#verifyCreateAccountPageTest</h3><table class="result"><tr><th>Exception</th></tr><tr><td><div class="stacktrace">java.lang.AssertionError: expected [true] but found [false]
	at com.mystore.testcases.AccountCreationPageTest.verifyCreateAccountPageTest(AccountCreationPageTest.java:38)
	at java.base/java.util.ArrayList.forEach(ArrayList.java:1511)
... Removed 31 stack frames</div></td></tr></table><p class="totop"><a href="#summary">back to summary</a></p>
<h3 id="m1">com.mystore.testcases.IndexPageTest#verifyTitle</h3><table class="result"><tr><th>Exception</th></tr><tr><td><div class="stacktrace">java.lang.AssertionError: expected [My Store1] but found [My Store]
	at com.mystore.testcases.IndexPageTest.verifyTitle(IndexPageTest.java:41)
	at java.base/java.util.ArrayList.forEach(ArrayList.java:1511)
... Removed 33 stack frames</div></td></tr></table><p class="totop"><a href="#summary">back to summary</a></p>
<h3 id="m2">com.mystore.testcases.AddToCartPageTest#addToCartTest</h3><table class="result"><tr><th class="invisible"/></tr></table><p class="totop"><a href="#summary">back to summary</a></p>
<h3 id="m3">com.mystore.testcases.EndToEndTest#endToEndTest</h3><table class="result"><tr><th class="invisible"/></tr></table><p class="totop"><a href="#summary">back to summary</a></p>
<h3 id="m4">com.mystore.testcases.HomepageTest#orderHisstoryandDetailsTest</h3><table class="result"><tr><th class="invisible"/></tr></table><p class="totop"><a href="#summary">back to summary</a></p>
<h3 id="m5">com.mystore.testcases.HomepageTest#wishListTest</h3><table class="result"><tr><th class="invisible"/></tr></table><p class="totop"><a href="#summary">back to summary</a></p>
<h3 id="m6">com.mystore.testcases.IndexPageTest#verifyLogo</h3><table class="result"><tr><th class="invisible"/></tr></table><p class="totop"><a href="#summary">back to summary</a></p>
<h3 id="m7">com.mystore.testcases.LoginPageTest#loginTest</h3><table class="result"><tr class="param"><th>Parameter #1</th><th>Parameter #2</th></tr><tr class="param stripe"><td>admin@xyz.com</td><td>admin@123</td></tr></table><p class="totop"><a href="#summary">back to summary</a></p>
<h3 id="m8">com.mystore.testcases.OrderPageTest#verifyTotalPrice</h3><table class="result"><tr><th class="invisible"/></tr></table><p class="totop"><a href="#summary">back to summary</a></p>
<h3 id="m9">com.mystore.testcases.SearchresultPageTest#productAvailabilityTest</h3><table class="result"><tr><th class="invisible"/></tr></table><p class="totop"><a href="#summary">back to summary</a></p>
</body>
</html>
